Logfile initialized
[INFO] logfile = /Users/paolo/Zend/workspaces/TitaniumWorkspace/Phpday2012-Drupanium/build.log
[DEBUG] /Library/Application Support/Titanium/mobilesdk/osx/2.0.1.GA2/android/builder.py simulator Phpday2012-Drupanium /Users/paolo/Zend/workspaces/DefaultWorkspace/phpday2012/android-sdk /Users/paolo/Zend/workspaces/TitaniumWorkspace/Phpday2012-Drupanium com.twinbit.phpday2012.drupanium 13 WVGA854 
[INFO] Building Phpday2012-Drupanium for Android ... one moment
[INFO] Titanium SDK version: 2.0.1 (04/12/12 16:33 999c68a)
[DEBUG] Waiting for device to be ready ...
[TRACE] adb devices returned 1 devices/emulators
[TRACE] adb devices returned 1 devices/emulators
[TRACE] adb devices returned 1 devices/emulators
[TRACE] adb devices returned 1 devices/emulators
[TRACE] adb devices returned 1 devices/emulators
[TRACE] adb devices returned 1 devices/emulators
[TRACE] adb devices returned 1 devices/emulators
[TRACE] adb devices returned 1 devices/emulators
[TRACE] adb devices returned 1 devices/emulators
[TRACE] adb devices returned 1 devices/emulators
[TRACE] adb devices returned 1 devices/emulators
[TRACE] adb devices returned 1 devices/emulators
[TRACE] adb devices returned 1 devices/emulators
[TRACE] adb devices returned 1 devices/emulators
[TRACE] adb devices returned 1 devices/emulators
[TRACE] adb devices returned 0 devices/emulators
[TRACE] adb devices returned 0 devices/emulators
[TRACE] adb devices returned 0 devices/emulators
[TRACE] adb devices returned 0 devices/emulators
[TRACE] adb devices returned 0 devices/emulators
[TRACE] adb devices returned 0 devices/emulators
[ERROR] Timed out waiting for emulator to be ready, you may need to close the emulator and try again
[INFO] Android Emulator has exited
